<?xml version="1.0" encoding="UTF-8"?>
<testsuite xmlns:xsi="http://www.w3.org/2001/XMLSchema-instance" xsi:noNamespaceSchemaLocation="https://maven.apache.org/surefire/maven-surefire-plugin/xsd/surefire-test-report-3.0.xsd" version="3.0" name="com.advancedsolutionsdevelopers.ToDoAppBackEnd.ToDoAppBackEndApplicationTests" time="6.156" tests="1" errors="0" skipped="0" failures="0">
  <properties>
[...]
</properties>
  <testcase name="contextLoads" classname="com.advancedsolutionsdevelopers.ToDoAppBackEnd.ToDoAppBackEndApplicationTests" time="0.455">
    <system-out><![CDATA[16:42:25.477 [main] INFO org.springframework.test.context.support.AnnotationConfigContextLoaderUtils -- Could not detect default configuration classes for test class [com.advancedsolutionsdevelopers.ToDoAppBackEnd.ToDoAppBackEndApplicationTests]: ToDoAppBackEndApplicationTests does not declare any static, non-private, non-final, nested classes annotated with @Configuration.
16:42:25.594 [main] INFO org.springframework.boot.test.context.SpringBootTestContextBootstrapper -- Found @SpringBootConfiguration com.advancedsolutionsdevelopers.ToDoAppBackEnd.ToDoAppBackEndApplication for test class com.advancedsolutionsdevelopers.ToDoAppBackEnd.ToDoAppBackEndApplicationTests

  .   ____          _            __ _ _
 /\\ / ___'_ __ _ _(_)_ __  __ _ \ \ \ \
( ( )\___ | '_ | '_| | '_ \/ _` | \ \ \ \
 \\/  ___)| |_)| | | | | || (_| |  ) ) ) )
  '  |____| .__|_| |_|_| |_\__, | / / / /
 =========|_|==============|___/=/_/_/_/
 :: Spring Boot ::                (v3.2.0)

2023-11-29T16:42:25.957+05:00  INFO 18056 --- [           main] c.a.T.ToDoAppBackEndApplicationTests     : Starting ToDoAppBackEndApplicationTests using Java 17.0.9 with PID 18056 (started by khali in C:\Users\khali\Desktop\ToDoAppBackEnd)
2023-11-29T16:42:25.959+05:00  INFO 18056 --- [           main] c.a.T.ToDoAppBackEndApplicationTests     : No active profile set, falling back to 1 default profile: "default"
2023-11-29T16:42:26.613+05:00  INFO 18056 --- [           main] .s.d.r.c.RepositoryConfigurationDelegate : Bootstrapping Spring Data JPA repositories in DEFAULT mode.
2023-11-29T16:42:26.669+05:00  INFO 18056 --- [           main] .s.d.r.c.RepositoryConfigurationDelegate : Finished Spring Data repository scanning in 46 ms. Found 1 JPA repository interface.
2023-11-29T16:42:27.220+05:00  INFO 18056 --- [           main] com.zaxxer.hikari.HikariDataSource       : HikariPool-1 - Starting...
2023-11-29T16:42:28.529+05:00  INFO 18056 --- [           main] com.zaxxer.hikari.pool.HikariPool        : HikariPool-1 - Added connection org.postgresql.jdbc.PgConnection@4f664bee
2023-11-29T16:42:28.530+05:00  INFO 18056 --- [           main] com.zaxxer.hikari.HikariDataSource       : HikariPool-1 - Start completed.
2023-11-29T16:42:28.580+05:00  INFO 18056 --- [           main] o.hibernate.jpa.internal.util.LogHelper  : HHH000204: Processing PersistenceUnitInfo [name: default]
2023-11-29T16:42:28.627+05:00  INFO 18056 --- [           main] org.hibernate.Version                    : HHH000412: Hibernate ORM core version 6.3.1.Final
2023-11-29T16:42:28.660+05:00  INFO 18056 --- [           main] o.h.c.internal.RegionFactoryInitiator    : HHH000026: Second-level cache disabled
2023-11-29T16:42:28.872+05:00  INFO 18056 --- [           main] o.s.o.j.p.SpringPersistenceUnitInfo      : No LoadTimeWeaver setup: ignoring JPA class transformer
2023-11-29T16:42:29.814+05:00  INFO 18056 --- [           main] o.h.e.t.j.p.i.JtaPlatformInitiator       : HHH000489: No JTA platform available (set 'hibernate.transaction.jta.platform' to enable JTA platform integration)
2023-11-29T16:42:29.817+05:00  INFO 18056 --- [           main] j.LocalContainerEntityManagerFactoryBean : Initialized JPA EntityManagerFactory for persistence unit 'default'
2023-11-29T16:42:30.265+05:00  WARN 18056 --- [           main] JpaBaseConfiguration$JpaWebConfiguration : spring.jpa.open-in-view is enabled by default. Therefore, database queries may be performed during view rendering. Explicitly configure spring.jpa.open-in-view to disable this warning
2023-11-29T16:42:30.922+05:00  INFO 18056 --- [           main] c.a.T.ToDoAppBackEndApplicationTests     : Started ToDoAppBackEndApplicationTests in 5.178 seconds (process running for 6.319)
]]></system-out>
  </testcase>
</testsuite>